<?xml version="1.0" encoding="UTF-8"?>
<!-- Generated by org.testng.reporters.JUnitXMLReporter -->
<testsuite ignored="0" hostname="DESKTOP-818T4EK" failures="0" tests="4" name="Default test" time="762.785" errors="0" timestamp="2024-01-11T21:37:59 PKT">
  <testcase classname="DNA_AUTOMATION.Login_Automation_case" name="login_case" time="117.018"/>
  <testcase classname="DNA_AUTOMATION.Locating_User" name="Locate_user" time="196.207"/>
  <testcase classname="DNA_AUTOMATION.Financial_DNA_Scores" name="Financial_DNA_Score" time="210.079"/>
  <testcase classname="DNA_AUTOMATION.Uniuqe_Style" name="Unique_Style" time="239.425"/>
</testsuite> <!-- Default test -->
